<?xml version="1.0" encoding="UTF-8"?>
<!-- Generated by org.testng.reporters.JUnitReportReporter -->
<testsuite hostname="Prutheel-INSPIRON" failures="0" tests="1" name="com.FBAuto.test.LoginPage.LoginPageTest" time="18.719" errors="0" timestamp="11 Mar 2021 07:04:19 GMT" skipped="0">
  <testcase classname="com.FBAuto.test.LoginPage.LoginPageTest" name="CheckValidLogin" time="18.719"/>
</testsuite> <!-- com.FBAuto.test.LoginPage.LoginPageTest -->
