<?xml version="1.0" encoding="UTF-8"?>
<!-- Generated by org.testng.reporters.JUnitReportReporter -->
<testsuite hostname="Prutheel-INSPIRON" failures="0" tests="1" name="com.FBAuto.test.AddContentPage.AddContentTest" time="20.799" errors="0" timestamp="03 Apr 2021 19:23:18 GMT" skipped="0">
  <testcase classname="com.FBAuto.test.AddContentPage.AddContentTest" name="createFile" time="20.799"/>
</testsuite> <!-- com.FBAuto.test.AddContentPage.AddContentTest -->
